android/app/build 5/outputs/logs/manifest-merger-release-report.txt
-- Merging decision tree log ---
manifest
ADDED from src/main/AndroidManifest.xml:1:1-46:12
INJECTED from src/main/AndroidManifest.xml:1:1-46:12
INJECTED from src/main/AndroidManifest.xml:1:1-46:12
INJECTED from src/main/AndroidManifest.xml:1:1-46:12
MERGED from [:react-native-google-signin_google-signin] AndroidManifest.xml:2:1-7:12
MERGED from [:react-native-gesture-handler] AndroidManifest.xml:2:1-7:12
MERGED from [:react-native-keychain] AndroidManifest.xml:2:1-13:12
MERGED from [:react-native-maps] AndroidManifest.xml:2:1-7:12
MERGED from [:react-native-permissions] AndroidManifest.xml:2:1-7:12
MERGED from [:react-native-safe-area-context] AndroidManifest.xml:2:1-7:12
MERGED from [:react-native-screens] AndroidManifest.xml:2:1-7:12
MERGED from [:react-native-webview] AndroidManifest.xml:2:1-31:12
MERGED from [:react-native-async-storage_async-storage] AndroidManifest.xml:2:1-7:12
MERGED from [:react-native-camera-roll_camera-roll] AndroidManifest.xml:2:1-7:12
MERGED from [:react-native-community_geolocation] AndroidManifest.xml:2:1-7:12
MERGED from [:react-native-community_netinfo] AndroidManifest.xml:2:1-10:12
MERGED from [:react-native-firebase_auth] AndroidManifest.xml:2:1-11:12
MERGED from [:react-native-firebase_messaging] AndroidManifest.xml:2:1-49:12
MERGED from [:react-native-firebase_app] AndroidManifest.xml:2:1-30:12
MERGED from [:react-native-device-info] AndroidManifest.xml:2:1-7:12
MERGED from [:react-native-fast-image] AndroidManifest.xml:2:1-7:12
MERGED from [:react-native-fbsdk-next] AndroidManifest.xml:37:1-50:12
MERGED from [:react-native-geolocation-service] AndroidManifest.xml:2:1-7:12
MERGED from [:react-native-image-picker] AndroidManifest.xml:2:1-19:12
MERGED from [:react-native-linear-gradient] AndroidManifest.xml:2:1-7:12
MERGED from [:react-native-mmkv] AndroidManifest.xml:2:1-7:12
MERGED from [:react-native-razorpay] AndroidManifest.xml:2:1-13:12
MERGED from [:react-native-reanimated] AndroidManifest.xml:2:1-7:12
MERGED from [:react-native-splash-screen] AndroidManifest.xml:2:1-7:12
MERGED from [:react-native-svg] AndroidManifest.xml:2:1-7:12
MERGED from [:react-native-vector-icons] AndroidManifest.xml:2:1-7:12
MERGED from [com.facebook.react:react-android:0.79.2] AndroidManifest.xml:2:1-12:12
MERGED from [com.facebook.android:facebook-android-sdk:18.0.3] AndroidManifest.xml:9:1-17:12
MERGED from [com.google.maps.android:android-maps-utils:3.10.0] AndroidManifest.xml:17:1-28:12
MERGED from [com.google.android.material:material:1.12.0] AndroidManifest.xml:17:1-24:12
MERGED from [androidx.appcompat:appcompat-resources:1.7.0] AndroidManifest.xml:2:1-7:12
MERGED from [com.facebook.android:facebook-login:18.0.3] AndroidManifest.xml:9:1-17:12
MERGED from [com.facebook.android:facebook-gamingservices:18.0.3] AndroidManifest.xml:9:1-17:12
MERGED from [com.facebook.android:facebook-share:18.0.3] AndroidManifest.xml:9:1-17:12
MERGED from [com.facebook.android:facebook-common:18.0.3] AndroidManifest.xml:9:1-42:12
MERGED from [androidx.constraintlayout:constraintlayout:2.0.1] AndroidManifest.xml:2:1-11:12
MERGED from [androidx.appcompat:appcompat:1.7.0] AndroidManifest.xml:2:1-7:12
MERGED from [com.razorpay:checkout:1.6.41] AndroidManifest.xml:2:1-7:12
MERGED from [com.razorpay:standard-core:1.6.52] AndroidManifest.xml:2:1-72:12
MERGED from [com.google.firebase:firebase-auth:23.2.1] AndroidManifest.xml:17:1-75:12
MERGED from [androidx.credentials:credentials:1.2.0-rc01] AndroidManifest.xml:2:1-7:12
MERGED from [androidx.credentials:credentials-play-services-auth:1.2.0-rc01] AndroidManifest.xml:17:1-44:12
MERGED from [com.google.android.gms:play-services-auth:21.3.0] AndroidManifest.xml:17:1-40:12
MERGED from [com.github.bumptech.glide:okhttp3-integration:4.12.0] AndroidManifest.xml:2:1-16:12
MERGED from [com.github.bumptech.glide:glide:4.12.0] AndroidManifest.xml:2:1-12:12
MERGED from [androidx.legacy:legacy-support-v4:1.0.0] AndroidManifest.xml:17:1-22:12
MERGED from [com.google.android.gms:play-services-location:21.3.0] AndroidManifest.xml:2:1-8:12
MERGED from [com.google.android.gms:play-services-wallet:18.1.3] AndroidManifest.xml:17:1-22:12
MERGED from [com.google.android.gms:play-services-maps:19.1.0] AndroidManifest.xml:16:1-35:12
MERGED from [com.google.firebase:firebase-messaging:24.1.1] AndroidManifest.xml:17:1-66:12
MERGED from [com.google.android.gms:play-services-auth-api-phone:18.0.2] AndroidManifest.xml:2:1-7:12
MERGED from [com.google.android.gms:play-services-auth-base:18.0.10] AndroidManifest.xml:2:1-7:12
MERGED from [com.google.firebase:firebase-appcheck-interop:17.0.0] AndroidManifest.xml:15:1-25:12
MERGED from [com.google.android.gms:play-services-identity:17.0.0] AndroidManifest.xml:17:1-24:12
MERGED from [com.google.android.gms:play-services-fido:20.1.0] AndroidManifest.xml:2:1-10:12
MERGED from [com.google.android.gms:play-services-base:18.5.0] AndroidManifest.xml:2:1-7:12
MERGED from [com.google.firebase:firebase-auth-interop:20.0.0] AndroidManifest.xml:2:1-10:12
MERGED from [com.google.firebase:firebase-installations:18.0.0] AndroidManifest.xml:2:1-24:12
MERGED from [com.google.firebase:firebase-common-ktx:21.0.0] AndroidManifest.xml:2:1-18:12
MERGED from [com.google.firebase:firebase-common:21.0.0] AndroidManifest.xml:15:1-41:12
MERGED from [com.google.android.recaptcha:recaptcha:18.6.1] AndroidManifest.xml:2:1-11:12
MERGED from [com.google.android.play:integrity:1.3.0] AndroidManifest.xml:2:1-7:12
MERGED from [com.google.firebase:firebase-iid-interop:17.1.0] AndroidManifest.xml:2:1-10:12
MERGED from [com.google.android.gms:play-services-cloud-messaging:17.2.0] AndroidManifest.xml:2:1-13:12
MERGED from [com.google.firebase:firebase-installations-interop:17.1.1] AndroidManifest.xml:15:1-19:12
MERGED from [androidx.work:work-runtime:2.9.1] AndroidManifest.xml:17:1-145:12
MERGED from [androidx.room:room-ktx:2.5.0] AndroidManifest.xml:17:1-22:12
MERGED from [androidx.activity:activity:1.8.1] AndroidManifest.xml:17:1-22:12
MERGED from [androidx.activity:activity-ktx:1.8.1] AndroidManifest.xml:2:1-7:12
MERGED from [androidx.savedstate:savedstate-ktx:1.2.1] AndroidManifest.xml:17:1-22:12
MERGED from [androidx.legacy:legacy-support-core-ui:1.0.0] AndroidManifest.xml:17:1-22:12
MERGED from [androidx.coordinatorlayout:coordinatorlayout:1.2.0] AndroidManifest.xml:17:1-24:12
MERGED from [androidx.swiperefreshlayout:swiperefreshlayout:1.1.0] AndroidManifest.xml:17:1-24:12
MERGED from [androidx.webkit:webkit:1.14.0] AndroidManifest.xml:2:1-7:12
MERGED from [androidx.autofill:autofill:1.1.0] AndroidManifest.xml:17:1-24:12
MERGED from [com.facebook.android:facebook-applinks:18.0.3] AndroidManifest.xml:9:1-17:12
MERGED from [com.facebook.android:facebook-messenger:18.0.3] AndroidManifest.xml:9:1-17:12
MERGED from [com.facebook.android:facebook-core:18.0.3] AndroidManifest.xml:9:1-53:12
MERGED from [androidx.transition:transition:1.5.0] AndroidManifest.xml:2:1-7:12
MERGED from [androidx.dynamicanimation:dynamicanimation:1.0.0] AndroidManifest.xml:17:1-22:12
MERGED from [com.google.android.gms:play-services-stats:17.0.2] AndroidManifest.xml:2:1-9:12
MERGED from [androidx.legacy:legacy-support-core-utils:1.0.0] AndroidManifest.xml:17:1-22:12
MERGED from [androidx.loader:loader:1.1.0] AndroidManifest.xml:17:1-24:12
MERGED from [androidx.emoji2:emoji2-views-helper:1.3.0] AndroidManifest.xml:2:1-7:12
MERGED from [androidx.emoji2:emoji2:1.3.0] AndroidManifest.xml:17:1-35:12
MERGED from [androidx.media:media:1.0.0] AndroidManifest.xml:17:1-22:12
MERGED from [androidx.drawerlayout:drawerlayout:1.1.1] AndroidManifest.xml:17:1-24:12
MERGED from [androidx.vectordrawable:vectordrawable-animated:1.1.0] AndroidManifest.xml:17:1-24:12
MERGED from [androidx.vectordrawable:vectordrawable:1.1.0] AndroidManifest.xml:17:1-24:12
MERGED from [androidx.viewpager2:viewpager2:1.0.0] AndroidManifest.xml:17:1-24:12
MERGED from [com.facebook.fresco:fresco:3.6.0] AndroidManifest.xml:2:1-7:12
MERGED from [com.facebook.fresco:imagepipeline-okhttp3:3.6.0] AndroidManifest.xml:2:1-7:12
MERGED from [com.facebook.fresco:drawee:3.6.0] AndroidManifest.xml:2:1-7:12
MERGED from [com.facebook.fresco:nativeimagefilters:3.6.0] AndroidManifest.xml:2:1-7:12
MERGED from [com.facebook.fresco:memory-type-native:3.6.0] AndroidManifest.xml:2:1-7:12
MERGED from [com.facebook.fresco:memory-type-java:3.6.0] AndroidManifest.xml:2:1-7:12
MERGED from [com.facebook.fresco:imagepipeline-native:3.6.0] AndroidManifest.xml:2:1-7:12
MERGED from [com.facebook.fresco:memory-type-ashmem:3.6.0] AndroidManifest.xml:2:1-7:12
MERGED from [com.facebook.fresco:imagepipeline:3.6.0] AndroidManifest.xml:2:1-7:12
MERGED from [com.facebook.fresco:nativeimagetranscoder:3.6.0] AndroidManifest.xml:2:1-7:12
MERGED from [com.facebook.fresco:imagepipeline-base:3.6.0] AndroidManifest.xml:2:1-7:12
MERGED from [com.facebook.fresco:urimod:3.6.0] AndroidManifest.xml:2:1-7:12
MERGED from [com.facebook.fresco:vito-source:3.6.0] AndroidManifest.xml:2:1-7:12
MERGED from [com.facebook.fresco:middleware:3.6.0] AndroidManifest.xml:2:1-7:12
MERGED from [com.facebook.fresco:ui-common:3.6.0] AndroidManifest.xml:2:1-7:12
MERGED from [com.facebook.fresco:soloader:3.6.0] AndroidManifest.xml:2:1-7:12
MERGED from [com.facebook.fresco:fbcore:3.6.0] AndroidManifest.xml:2:1-7:12
MERGED from [androidx.browser:browser:1.4.0] AndroidManifest.xml:17:1-24:12
MERGED from [androidx.viewpager:viewpager:1.0.0] AndroidManifest.xml:17:1-22:12
MERGED from [androidx.slidingpanelayout:slidingpanelayout:1.0.0] AndroidManifest.xml:17:1-22:12
MERGED from [androidx.asynclayoutinflater:asynclayoutinflater:1.0.0] AndroidManifest.xml:17:1-22:12
MERGED from [androidx.recyclerview:recyclerview:1.1.0] AndroidManifest.xml:17:1-24:12
MERGED from [androidx.customview:customview:1.1.0] AndroidManifest.xml:17:1-24:12
MERGED from [androidx.core:core:1.16.0] AndroidManifest.xml:17:1-30:12
MERGED from [androidx.lifecycle:lifecycle-viewmodel-ktx:2.6.2] AndroidManifest.xml:17:1-22:12
MERGED from [androidx.lifecycle:lifecycle-viewmodel:2.6.2] AndroidManifest.xml:17:1-22:12
MERGED from [androidx.lifecycle:lifecycle-service:2.6.2] AndroidManifest.xml:17:1-22:12
MERGED from [androidx.lifecycle:lifecycle-runtime-ktx:2.6.2] AndroidManifest.xml:17:1-22:12
MERGED from [androidx.lifecycle:lifecycle-process:2.6.2] AndroidManifest.xml:17:1-35:12
MERGED from [androidx.lifecycle:lifecycle-livedata-core-ktx:2.6.2] AndroidManifest.xml:17:1-22:12
MERGED from [androidx.lifecycle:lifecycle-livedata-core:2.6.2] AndroidManifest.xml:17:1-22:12
MERGED from [androidx.lifecycle:lifecycle-livedata:2.6.2] AndroidManifest.xml:17:1-22:12
MERGED from [androidx.lifecycle:lifecycle-runtime:2.6.2] AndroidManifest.xml:2:1-7:12
MERGED from [androidx.lifecycle:lifecycle-viewmodel-savedstate:2.6.2] AndroidManifest.xml:17:1-22:12
MERGED from [androidx.savedstate:savedstate:1.2.1] AndroidManifest.xml:17:1-22:12
MERGED from [androidx.datastore:datastore-core-android:1.1.1] AndroidManifest.xml:2:1-7:12
MERGED from [androidx.datastore:datastore-android:1.1.1] AndroidManifest.xml:17:1-22:12
MERGED from [androidx.datastore:datastore-preferences-android:1.1.1] AndroidManifest.xml:17:1-22:12
MERGED from [com.google.android.gms:play-services-tasks:18.2.0] AndroidManifest.xml:2:1-5:12
MERGED from [com.google.firebase:firebase-measurement-connector:19.0.0] AndroidManifest.xml:17:1-25:12
MERGED from [com.google.android.gms:play-services-basement:18.4.0] AndroidManifest.xml:2:1-9:12
MERGED from [androidx.fragment:fragment:1.8.6] AndroidManifest.xml:2:1-7:12
MERGED from [androidx.fragment:fragment-ktx:1.8.6] AndroidManifest.xml:2:1-7:12
MERGED from [com.facebook.android:facebook-bolts:18.0.3] AndroidManifest.xml:9:1-17:12
MERGED from [androidx.core:core-ktx:1.16.0] AndroidManifest.xml:2:1-7:12
MERGED from [androidx.room:room-runtime:2.5.0] AndroidManifest.xml:17:1-31:12
MERGED from [androidx.sqlite:sqlite-framework:2.3.0] AndroidManifest.xml:17:1-22:12
MERGED from [com.facebook.fresco:ui-core:3.6.0] AndroidManifest.xml:2:1-7:12
MERGED from [androidx.annotation:annotation-experimental:1.4.1] AndroidManifest.xml:2:1-7:12
MERGED from [com.google.android.libraries.identity.googleid:googleid:1.1.0] AndroidManifest.xml:2:1-7:12
MERGED from [com.facebook.react:hermes-android:0.79.2] AndroidManifest.xml:2:1-7:12
MERGED from [androidx.exifinterface:exifinterface:1.3.3] AndroidManifest.xml:17:1-24:12
MERGED from [com.github.bumptech.glide:gifdecoder:4.12.0] AndroidManifest.xml:2:1-11:12
MERGED from [androidx.cursoradapter:cursoradapter:1.0.0] AndroidManifest.xml:17:1-22:12
MERGED from [androidx.profileinstaller:profileinstaller:1.3.1] AndroidManifest.xml:17:1-55:12
MERGED from [androidx.startup:startup-runtime:1.1.1] AndroidManifest.xml:17:1-33:12
MERGED from [androidx.interpolator:interpolator:1.0.0] AndroidManifest.xml:17:1-22:12
MERGED from [androidx.cardview:cardview:1.0.0] AndroidManifest.xml:17:1-22:12
MERGED from [androidx.localbroadcastmanager:localbroadcastmanager:1.0.0] AndroidManifest.xml:17:1-22:12
MERGED from [com.google.firebase:firebase-components:18.0.0] AndroidManifest.xml:15:1-20:12
MERGED from [com.google.firebase:firebase-datatransport:18.2.0] AndroidManifest.xml:15:1-31:12
MERGED from [com.google.android.datatransport:transport-backend-cct:3.1.9] AndroidManifest.xml:15:1-37:12
MERGED from [com.google.firebase:firebase-encoders-json:18.0.0] AndroidManifest.xml:15:1-23:12
MERGED from [com.google.android.datatransport:transport-runtime:3.1.9] AndroidManifest.xml:15:1-41:12
MERGED from [com.google.android.datatransport:transport-api:3.1.0] AndroidManifest.xml:15:1-20:12
MERGED from [androidx.tracing:tracing:1.2.0] AndroidManifest.xml:17:1-22:12
MERGED from [androidx.versionedparcelable:versionedparcelable:1.1.1] AndroidManifest.xml:17:1-27:12
MERGED from [androidx.documentfile:documentfile:1.0.0] AndroidManifest.xml:17:1-22:12
MERGED from [androidx.print:print:1.0.0] AndroidManifest.xml:17:1-22:12
MERGED from [androidx.sqlite:sqlite:2.3.0] AndroidManifest.xml:17:1-22:12
MERGED from [androidx.arch.core:core-runtime:2.2.0] AndroidManifest.xml:17:1-22:12
MERGED from [androidx.core:core-viewtree:1.0.0] AndroidManifest.xml:2:1-7:12
MERGED from [com.android.installreferrer:installreferrer:1.1.2] AndroidManifest.xml:2:1-13:12
MERGED from [androidx.biometric:biometric:1.1.0] AndroidManifest.xml:17:1-29:12
MERGED from [com.facebook.fbjni:fbjni:0.7.0] AndroidManifest.xml:2:1-7:12
MERGED from [com.facebook.soloader:soloader:0.12.1] AndroidManifest.xml:2:1-17:12
MERGED from [com.google.android.play:core-common:2.0.3] AndroidManifest.xml:2:1-21:12
	package
		INJECTED from src/main/AndroidManifest.xml
	android:versionName
		INJECTED from src/main/AndroidManifest.xml
	android:versionCode
		INJECTED from src/main/AndroidManifest.xml
	xmlns:android
		ADDED from src/main/AndroidManifest.xml:1:11-69
application
ADDED from src/main/AndroidManifest.xml:3:5-37:19
INJECTED from src/main/AndroidManifest.xml:3:5-37:19
MERGED from [:react-native-webview] AndroidManifest.xml:19:5-29:19
MERGED from [:react-native-webview] AndroidManifest.xml:19:5-29:19
MERGED from [:react-native-firebase_messaging] AndroidManifest.xml:11:5-47:19
MERGED from [:react-native-firebase_messaging] AndroidManifest.xml:11:5-47:19
MERGED from [:react-native-firebase_app] AndroidManifest.xml:8:5-28:19
MERGED from [:react-native-firebase_app] AndroidManifest.xml:8:5-28:19
MERGED from [:react-native-fbsdk-next] AndroidManifest.xml:43:5-48:19
MERGED from [:react-native-fbsdk-next] AndroidManifest.xml:43:5-48:19
MERGED from [:react-native-image-picker] AndroidManifest.xml:7:5-17:19
MERGED from [:react-native-image-picker] AndroidManifest.xml:7:5-17:19
MERGED from [:react-native-razorpay] AndroidManifest.xml:7:5-11:19
MERGED from [:react-native-razorpay] AndroidManifest.xml:7:5-11:19
MERGED from [com.facebook.android:facebook-android-sdk:18.0.3] AndroidManifest.xml:14:5-15:19
MERGED from [com.facebook.android:facebook-android-sdk:18.0.3] AndroidManifest.xml:14:5-15:19
MERGED from [com.google.maps.android:android-maps-utils:3.10.0] AndroidManifest.xml:22:5-26:19
MERGED from [com.google.maps.android:android-maps-utils:3.10.0] AndroidManifest.xml:22:5-26:19
MERGED from [com.google.android.material:material:1.12.0] AndroidManifest.xml:22:5-20
MERGED from [com.google.android.material:material:1.12.0] AndroidManifest.xml:22:5-20
MERGED from [com.facebook.android:facebook-login:18.0.3] AndroidManifest.xml:14:5-15:19
MERGED from [com.facebook.android:facebook-login:18.0.3] AndroidManifest.xml:14:5-15:19
MERGED from [com.facebook.android:facebook-gamingservices:18.0.3] AndroidManifest.xml:14:5-15:19
MERGED from [com.facebook.android:facebook-gamingservices:18.0.3] AndroidManifest.xml:14:5-15:19
MERGED from [com.facebook.android:facebook-share:18.0.3] AndroidManifest.xml:14:5-15:19
MERGED from [com.facebook.android:facebook-share:18.0.3] AndroidManifest.xml:14:5-15:19
MERGED from [com.facebook.android:facebook-common:18.0.3] AndroidManifest.xml:19:5-40:19
MERGED from [com.facebook.android:facebook-common:18.0.3] AndroidManifest.xml:19:5-40:19
MERGED from [androidx.constraintlayout:constraintlayout:2.0.1] AndroidManifest.xml:9:5-20
MERGED from [androidx.constraintlayout:constraintlayout:2.0.1] AndroidManifest.xml:9:5-20
MERGED from [com.razorpay:standard-core:1.6.52] AndroidManifest.xml:41:5-70:19
MERGED from [com.razorpay:standard-core:1.6.52] AndroidManifest.xml:41:5-70:19
MERGED from [com.google.firebase:firebase-auth:23.2.1] AndroidManifest.xml:28:5-73:19
MERGED from [com.google.firebase:firebase-auth:23.2.1] AndroidManifest.xml:28:5-73:19
MERGED from [androidx.credentials:credentials-play-services-auth:1.2.0-rc01] AndroidManifest.xml:23:5-42:19
MERGED from [androidx.credentials:credentials-play-services-auth:1.2.0-rc01] AndroidManifest.xml:23:5-42:19
MERGED from [com.google.android.gms:play-services-auth:21.3.0] AndroidManifest.xml:22:5-38:19
MERGED from [com.google.android.gms:play-services-auth:21.3.0] AndroidManifest.xml:22:5-38:19
MERGED from [com.github.bumptech.glide:okhttp3-integration:4.12.0] AndroidManifest.xml:10:5-14:19
MERGED from [com.github.bumptech.glide:okhttp3-integration:4.12.0] AndroidManifest.xml:10:5-14:19
MERGED from [com.github.bumptech.glide:glide:4.12.0] AndroidManifest.xml:10:5-20
MERGED from [com.github.bumptech.glide:glide:4.12.0] AndroidManifest.xml:10:5-20
MERGED from [com.google.android.gms:play-services-location:21.3.0] AndroidManifest.xml:6:5-20
MERGED from [com.google.android.gms:play-services-location:21.3.0] AndroidManifest.xml:6:5-20
MERGED from [com.google.android.gms:play-services-maps:19.1.0] AndroidManifest.xml:31:5-34:19
MERGED from [com.google.android.gms:play-services-maps:19.1.0] AndroidManifest.xml:31:5-34:19
MERGED from [com.google.firebase:firebase-messaging:24.1.1] AndroidManifest.xml:28:5-64:19
MERGED from [com.google.firebase:firebase-messaging:24.1.1] AndroidManifest.xml:28:5-64:19
MERGED from [com.google.firebase:firebase-appcheck-interop:17.0.0] AndroidManifest.xml:23:5-20
MERGED from [com.google.firebase:firebase-appcheck-interop:17.0.0] AndroidManifest.xml:23:5-20
MERGED from [com.google.android.gms:play-services-identity:17.0.0] AndroidManifest.xml:22:5-20
MERGED from [com.google.android.gms:play-services-identity:17.0.0] AndroidManifest.xml:22:5-20
MERGED from [com.google.android.gms:play-services-fido:20.1.0] AndroidManifest.xml:7:5-8:19
MERGED from [com.google.android.gms:play-services-fido:20.1.0] AndroidManifest.xml:7:5-8:19
MERGED from [com.google.android.gms:play-services-base:18.5.0] AndroidManifest.xml:4:5-6:19
MERGED from [com.google.android.gms:play-services-base:18.5.0] AndroidManifest.xml:4:5-6:19
MERGED from [com.google.firebase:firebase-auth-interop:20.0.0] AndroidManifest.xml:7:5-8:19
MERGED from [com.google.firebase:firebase-auth-interop:20.0.0] AndroidManifest.xml:7:5-8:19
MERGED from [com.google.firebase:firebase-installations:18.0.0] AndroidManifest.xml:11:5-22:19
MERGED from [com.google.firebase:firebase-installations:18.0.0] AndroidManifest.xml:11:5-22:19
MERGED from [com.google.firebase:firebase-common-ktx:21.0.0] AndroidManifest.xml:8:5-16:19
MERGED from [com.google.firebase:firebase-common-ktx:21.0.0] AndroidManifest.xml:8:5-16:19
MERGED from [com.google.firebase:firebase-common:21.0.0] AndroidManifest.xml:22:5-39:19
MERGED from [com.google.firebase:firebase-common:21.0.0] AndroidManifest.xml:22:5-39:19
MERGED from [com.google.android.play:integrity:1.3.0] AndroidManifest.xml:5:5-6:19
MERGED from [com.google.android.play:integrity:1.3.0] AndroidManifest.xml:5:5-6:19
MERGED from [com.google.firebase:firebase-iid-interop:17.1.0] AndroidManifest.xml:7:5-8:19
MERGED from [com.google.firebase:firebase-iid-interop:17.1.0] AndroidManifest.xml:7:5-8:19
MERGED from [androidx.work:work-runtime:2.9.1] AndroidManifest.xml:28:5-143:19
MERGED from [androidx.work:work-runtime:2.9.1] AndroidManifest.xml:28:5-143:19
MERGED from [com.facebook.android:facebook-applinks:18.0.3] AndroidManifest.xml:14:5-15:19
MERGED from [com.facebook.android:facebook-applinks:18.0.3] AndroidManifest.xml:14:5-15:19
MERGED from [com.facebook.android:facebook-messenger:18.0.3] AndroidManifest.xml:14:5-15:19
MERGED from [com.facebook.android:facebook-messenger:18.0.3] AndroidManifest.xml:14:5-15:19
MERGED from [com.facebook.android:facebook-core:18.0.3] AndroidManifest.xml:21:5-51:19
MERGED from [com.facebook.android:facebook-core:18.0.3] AndroidManifest.xml:21:5-51:19
MERGED from [com.google.android.gms:play-services-stats:17.0.2] AndroidManifest.xml:7:5-20
MERGED from [com.google.android.gms:play-services-stats:17.0.2] AndroidManifest.xml:7:5-20
MERGED from [androidx.emoji2:emoji2:1.3.0] AndroidManifest.xml:23:5-33:19
MERGED from [androidx.emoji2:emoji2:1.3.0] AndroidManifest.xml:23:5-33:19
MERGED from [androidx.core:core:1.16.0] AndroidManifest.xml:28:5-89
MERGED from [androidx.core:core:1.16.0] AndroidManifest.xml:28:5-89
MERGED from [androidx.lifecycle:lifecycle-process:2.6.2] AndroidManifest.xml:23:5-33:19
MERGED from [androidx.lifecycle:lifecycle-process:2.6.2] AndroidManifest.xml:23:5-33:19
MERGED from [com.google.android.gms:play-services-tasks:18.2.0] AndroidManifest.xml:4:5-20
MERGED from [com.google.android.gms:play-services-tasks:18.2.0] AndroidManifest.xml:4:5-20
MERGED from [com.google.firebase:firebase-measurement-connector:19.0.0] AndroidManifest.xml:22:5-23:19
MERGED from [com.google.firebase:firebase-measurement-connector:19.0.0] AndroidManifest.xml:22:5-23:19
MERGED from [com.google.android.gms:play-services-basement:18.4.0] AndroidManifest.xml:5:5-7:19
MERGED from [com.google.android.gms:play-services-basement:18.4.0] AndroidManifest.xml:5:5-7:19
MERGED from [com.facebook.android:facebook-bolts:18.0.3] AndroidManifest.xml:14:5-15:19
MERGED from [com.facebook.android:facebook-bolts:18.0.3] AndroidManifest.xml:14:5-15:19
MERGED from [androidx.room:room-runtime:2.5.0] AndroidManifest.xml:23:5-29:19
MERGED from [androidx.room:room-runtime:2.5.0] AndroidManifest.xml:23:5-29:19
MERGED from [com.github.bumptech.glide:gifdecoder:4.12.0] AndroidManifest.xml:9:5-20
MERGED from [com.github.bumptech.glide:gifdecoder:4.12.0] AndroidManifest.xml:9:5-20
MERGED from [androidx.profileinstaller:profileinstaller:1.3.1] AndroidManifest.xml:23:5-53:19
MERGED from [androidx.profileinstaller:profileinstaller:1.3.1] AndroidManifest.xml:23:5-53:19
MERGED from [androidx.startup:startup-runtime:1.1.1] AndroidManifest.xml:25:5-31:19
MERGED from [androidx.startup:startup-runtime:1.1.1] AndroidManifest.xml:25:5-31:19
MERGED from [com.google.firebase:firebase-datatransport:18.2.0] AndroidManifest.xml:21:5-29:19
MERGED from [com.google.firebase:firebase-datatransport:18.2.0] AndroidManifest.xml:21:5-29:19
MERGED from [com.google.android.datatransport:transport-backend-cct:3.1.9] AndroidManifest.xml:27:5-35:19
MERGED from [com.google.android.datatransport:transport-backend-cct:3.1.9] AndroidManifest.xml:27:5-35:19
MERGED from [com.google.android.datatransport:transport-runtime:3.1.9] AndroidManifest.xml:25:5-39:19
MERGED from [com.google.android.datatransport:transport-runtime:3.1.9] AndroidManifest.xml:25:5-39:19
MERGED from [androidx.versionedparcelable:versionedparcelable:1.1.1] AndroidManifest.xml:24:5-25:19
MERGED from [androidx.versionedparcelable:versionedparcelable:1.1.1] AndroidManifest.xml:24:5-25:19
MERGED from [com.android.installreferrer:installreferrer:1.1.2] AndroidManifest.xml:11:5-20
MERGED from [com.android.installreferrer:installreferrer:1.1.2] AndroidManifest.xml:11:5-20
MERGED from [com.facebook.soloader:soloader:0.12.1] AndroidManifest.xml:11:5-15:19
MERGED from [com.facebook.soloader:soloader:0.12.1] AndroidManifest.xml:11:5-15:19
MERGED from [com.google.android.play:core-common:2.0.3] AndroidManifest.xml:11:5-19:19
MERGED from [com.google.android.play:core-common:2.0.3] AndroidManifest.xml:11:5-19:19
	android:extractNativeLibs
		INJECTED from src/main/AndroidManifest.xml
	android:appComponentFactory
		ADDED from [androidx.core:core:1.16.0] AndroidManifest.xml:28:18-86
	android:supportsRtl
		ADDED from src/main/AndroidManifest.xml:10:7-33
	android:label
		ADDED from src/main/AndroidManifest.xml:5:7-39
	android:roundIcon
		ADDED from src/main/AndroidManifest.xml:7:7-46
	android:icon
		ADDED from src/main/AndroidManifest.xml:6:7-41
	android:allowBackup
		ADDED from src/main/AndroidManifest.xml:8:7-34
	android:theme
		ADDED from src/main/AndroidManifest.xml:9:7-38
	android:usesCleartextTraffic
		ADDED from src/main/AndroidManifest.xml:11:7-42
	android:name
		ADDED from src/main/AndroidManifest.xml:4:7-38
activity#com.realesateapp.MainActivity
ADDED from src/main/AndroidManifest.xml:12:7-29:18
	android:label
		ADDED from src/main/AndroidManifest.xml:14:9-41
	android:launchMode
		ADDED from src/main/AndroidManifest.xml:16:9-40
	android:windowSoftInputMode
		ADDED from src/main/AndroidManifest.xml:17:9-51
	android:exported
		ADDED from src/main/AndroidManifest.xml:18:9-32
	android:configChanges
		ADDED from src/main/AndroidManifest.xml:15:9-118
	android:name
		ADDED from src/main/AndroidManifest.xml:13:9-37
intent-filter#action:name:android.intent.action.MAIN+action:name:android.intent.action.VIEW+category:name:android.intent.category.BROWSABLE+category:name:android.intent.category.DEFAULT+category:name:android.intent.category.LAUNCHER+data:host:myapp.com+data:host:open+data:scheme:https+data:scheme:myapp
ADDED from src/main/AndroidManifest.xml:19:9-28:25
action#android.intent.action.MAIN
ADDED from src/main/AndroidManifest.xml:20:13-65
	android:name
		ADDED from src/main/AndroidManifest.xml:20:21-62
category#android.intent.category.LAUNCHER
ADDED from src/main/AndroidManifest.xml:21:13-73
	android:name
		ADDED from src/main/AndroidManifest.xml:21:23-70
action#android.intent.action.VIEW
ADDED from src/main/AndroidManifest.xml:22:13-65
	android:name
		ADDED from src/main/AndroidManifest.xml:22:21-62
category#android.intent.category.DEFAULT
ADDED from src/main/AndroidManifest.xml:23:13-72
	android:name
		ADDED from src/main/AndroidManifest.xml:23:23-69
category#android.intent.category.BROWSABLE
ADDED from src/main/AndroidManifest.xml:24:13-74
	android:name
		ADDED from src/main/AndroidManifest.xml:24:23-71
data
ADDED from src/main/AndroidManifest.xml:25:13-64
	android:host
		ADDED from src/main/AndroidManifest.xml:25:42-61
	android:scheme
		ADDED from src/main/AndroidManifest.xml:25:19-41
meta-data#com.google.android.geo.API_KEY
ADDED from src/main/AndroidManifest.xml:30:8-32:63
	android:value
		ADDED from src/main/AndroidManifest.xml:32:6-61
	android:name
		ADDED from src/main/AndroidManifest.xml:31:6-51
meta-data#com.facebook.sdk.ApplicationId
ADDED from src/main/AndroidManifest.xml:33:13-104
	android:value
		ADDED from src/main/AndroidManifest.xml:33:70-102
	android:name
		ADDED from src/main/AndroidManifest.xml:33:24-69
meta-data#com.facebook.sdk.ClientToken
ADDED from src/main/AndroidManifest.xml:34:13-36:54
	android:value
		ADDED from src/main/AndroidManifest.xml:36:3-51
	android:name
		ADDED from src/main/AndroidManifest.xml:35:3-46
uses-permission#android.permission.ACCESS_FINE_LOCATION
ADDED from src/main/AndroidManifest.xml:38:1-75
	android:name
		ADDED from src/main/AndroidManifest.xml:38:18-72
uses-permission#android.permission.ACCESS_COARSE_LOCATION
ADDED from src/main/AndroidManifest.xml:39:1-77
	android:name
		ADDED from src/main/AndroidManifest.xml:39:18-74
uses-permission#android.permission.INTERNET
ADDED from src/main/AndroidManifest.xml:40:1-62
MERGED from [:react-native-firebase_auth] AndroidManifest.xml:7:5-67
MERGED from [:react-native-firebase_auth] AndroidManifest.xml:7:5-67
MERGED from [:react-native-firebase_messaging] AndroidManifest.xml:7:5-67
MERGED from [:react-native-firebase_messaging] AndroidManifest.xml:7:5-67
MERGED from [com.razorpay:standard-core:1.6.52] AndroidManifest.xml:8:5-67
MERGED from [com.razorpay:standard-core:1.6.52] AndroidManifest.xml:8:5-67
MERGED from [com.google.firebase:firebase-auth:23.2.1] AndroidManifest.xml:25:5-67
MERGED from [com.google.firebase:firebase-auth:23.2.1] AndroidManifest.xml:25:5-67
MERGED from [com.google.android.gms:play-services-maps:19.1.0] AndroidManifest.xml:21:5-66
MERGED from [com.google.android.gms:play-services-maps:19.1.0] AndroidManifest.xml:21:5-66
MERGED from [com.google.firebase:firebase-installations:18.0.0] AndroidManifest.xml:8:5-67
MERGED from [com.google.firebase:firebase-installations:18.0.0] AndroidManifest.xml:8:5-67
MERGED from [com.google.android.recaptcha:recaptcha:18.6.1] AndroidManifest.xml:7:5-67
MERGED from [com.google.android.recaptcha:recaptcha:18.6.1] AndroidManifest.xml:7:5-67
MERGED from [com.google.android.gms:play-services-cloud-messaging:17.2.0] AndroidManifest.xml:8:5-67
MERGED from [com.google.android.gms:play-services-cloud-messaging:17.2.0] AndroidManifest.xml:8:5-67
MERGED from [com.google.android.datatransport:transport-backend-cct:3.1.9] AndroidManifest.xml:25:5-67
MERGED from [com.google.android.datatransport:transport-backend-cct:3.1.9] AndroidManifest.xml:25:5-67